<?xml version="1.0" encoding="UTF-8"?>
<testng-results ignored="0" total="1" passed="0" failed="0" skipped="1">
  <reporter-output>
  </reporter-output>
  <suite started-at="2024-05-16T12:31:57 IST" name="Default suite" finished-at="2024-05-16T12:31:57 IST" duration-ms="135">
    <groups>
    </groups>
    <test started-at="2024-05-16T12:31:57 IST" name="Default test" finished-at="2024-05-16T12:31:57 IST" duration-ms="135">
      <class name="com.automationexercise.test.AddProductInCartTest">
        <test-method is-config="true" signature="setUp()[pri:0, instance:com.automationexercise.test.AddProductInCartTest@3e58a80e]" started-at="2024-05-16T12:31:57 IST" name="setUp" finished-at="2024-05-16T12:31:57 IST" duration-ms="24" status="FAIL">
          <exception class="java.lang.IllegalArgumentException">
            <message>
              <![CDATA[Extension must exist: C:\Users\purnima\Downloads\AdBlock-—-best-ad-blocker.crx]]>
            </message>
            <full-stacktrace>
              <![CDATA[java.lang.IllegalArgumentException: Extension must exist: C:\Users\purnima\Downloads\AdBlock-—-best-ad-blocker.crx
at org.openqa.selenium.internal.Require$FileChecker.isFile(Require.java:270)
at org.openqa.selenium.chromium.ChromiumOptions.lambda$addExtensions$2(ChromiumOptions.java:161)
at java.base/java.util.Arrays$ArrayList.forEach(Arrays.java:4305)
at org.openqa.selenium.chromium.ChromiumOptions.addExtensions(ChromiumOptions.java:161)
at org.openqa.selenium.chromium.ChromiumOptions.addExtensions(ChromiumOptions.java:150)
at com.automationexercise.Base.BaseClass.setUp(BaseClass.java:47)
at java.base/jdk.internal.reflect.DirectMethodHandleAccessor.invoke(DirectMethodHandleAccessor.java:103)
at java.base/java.lang.reflect.Method.invoke(Method.java:580)
at org.testng.internal.MethodInvocationHelper.invokeMethod(MethodInvocationHelper.java:133)
at org.testng.internal.MethodInvocationHelper.invokeMethodConsideringTimeout(MethodInvocationHelper.java:62)
at org.testng.internal.ConfigInvoker.invokeConfigurationMethod(ConfigInvoker.java:385)
at org.testng.internal.ConfigInvoker.invokeConfigurations(ConfigInvoker.java:321)
at org.testng.internal.TestInvoker.runConfigMethods(TestInvoker.java:700)
at org.testng.internal.TestInvoker.invokeMethod(TestInvoker.java:527)
at org.testng.internal.TestInvoker.invokeTestMethod(TestInvoker.java:173)
at org.testng.internal.MethodRunner.runInSequence(MethodRunner.java:46)
at org.testng.internal.TestInvoker$MethodInvocationAgent.invoke(TestInvoker.java:824)
at org.testng.internal.TestInvoker.invokeTestMethods(TestInvoker.java:146)
at org.testng.internal.TestMethodWorker.invokeTestMethods(TestMethodWorker.java:146)
at org.testng.internal.TestMethodWorker.run(TestMethodWorker.java:128)
at java.base/java.util.ArrayList.forEach(ArrayList.java:1596)
at org.testng.TestRunner.privateRun(TestRunner.java:794)
at org.testng.TestRunner.run(TestRunner.java:596)
at org.testng.SuiteRunner.runTest(SuiteRunner.java:377)
at org.testng.SuiteRunner.runSequentially(SuiteRunner.java:371)
at org.testng.SuiteRunner.privateRun(SuiteRunner.java:332)
at org.testng.SuiteRunner.run(SuiteRunner.java:276)
at org.testng.SuiteRunnerWorker.runSuite(SuiteRunnerWorker.java:53)
at org.testng.SuiteRunnerWorker.run(SuiteRunnerWorker.java:96)
at org.testng.TestNG.runSuitesSequentially(TestNG.java:1212)
at org.testng.TestNG.runSuitesLocally(TestNG.java:1134)
at org.testng.TestNG.runSuites(TestNG.java:1063)
at org.testng.TestNG.run(TestNG.java:1031)
at org.testng.remote.AbstractRemoteTestNG.run(AbstractRemoteTestNG.java:115)
at org.testng.remote.RemoteTestNG.initAndRun(RemoteTestNG.java:251)
at org.testng.remote.RemoteTestNG.main(RemoteTestNG.java:77)
]]>
            </full-stacktrace>
          </exception> <!-- java.lang.IllegalArgumentException -->
          <reporter-output>
          </reporter-output>
        </test-method> <!-- setUp -->
        <test-method signature="addProductInCart()[pri:0, instance:com.automationexercise.test.AddProductInCartTest@3e58a80e]" started-at="2024-05-16T12:31:57 IST" name="addProductInCart" finished-at="2024-05-16T12:31:57 IST" duration-ms="0" status="SKIP">
          <exception class="java.lang.IllegalArgumentException">
            <message>
              <![CDATA[Extension must exist: C:\Users\purnima\Downloads\AdBlock-—-best-ad-blocker.crx]]>
            </message>
            <full-stacktrace>
              <![CDATA[java.lang.IllegalArgumentException: Extension must exist: C:\Users\purnima\Downloads\AdBlock-—-best-ad-blocker.crx
at org.openqa.selenium.internal.Require$FileChecker.isFile(Require.java:270)
at org.openqa.selenium.chromium.ChromiumOptions.lambda$addExtensions$2(ChromiumOptions.java:161)
at java.base/java.util.Arrays$ArrayList.forEach(Arrays.java:4305)
at org.openqa.selenium.chromium.ChromiumOptions.addExtensions(ChromiumOptions.java:161)
at org.openqa.selenium.chromium.ChromiumOptions.addExtensions(ChromiumOptions.java:150)
at com.automationexercise.Base.BaseClass.setUp(BaseClass.java:47)
at java.base/jdk.internal.reflect.DirectMethodHandleAccessor.invoke(DirectMethodHandleAccessor.java:103)
at java.base/java.lang.reflect.Method.invoke(Method.java:580)
at org.testng.internal.MethodInvocationHelper.invokeMethod(MethodInvocationHelper.java:133)
at org.testng.internal.MethodInvocationHelper.invokeMethodConsideringTimeout(MethodInvocationHelper.java:62)
at org.testng.internal.ConfigInvoker.invokeConfigurationMethod(ConfigInvoker.java:385)
at org.testng.internal.ConfigInvoker.invokeConfigurations(ConfigInvoker.java:321)
at org.testng.internal.TestInvoker.runConfigMethods(TestInvoker.java:700)
at org.testng.internal.TestInvoker.invokeMethod(TestInvoker.java:527)
at org.testng.internal.TestInvoker.invokeTestMethod(TestInvoker.java:173)
at org.testng.internal.MethodRunner.runInSequence(MethodRunner.java:46)
at org.testng.internal.TestInvoker$MethodInvocationAgent.invoke(TestInvoker.java:824)
at org.testng.internal.TestInvoker.invokeTestMethods(TestInvoker.java:146)
at org.testng.internal.TestMethodWorker.invokeTestMethods(TestMethodWorker.java:146)
at org.testng.internal.TestMethodWorker.run(TestMethodWorker.java:128)
at java.base/java.util.ArrayList.forEach(ArrayList.java:1596)
at org.testng.TestRunner.privateRun(TestRunner.java:794)
at org.testng.TestRunner.run(TestRunner.java:596)
at org.testng.SuiteRunner.runTest(SuiteRunner.java:377)
at org.testng.SuiteRunner.runSequentially(SuiteRunner.java:371)
at org.testng.SuiteRunner.privateRun(SuiteRunner.java:332)
at org.testng.SuiteRunner.run(SuiteRunner.java:276)
at org.testng.SuiteRunnerWorker.runSuite(SuiteRunnerWorker.java:53)
at org.testng.SuiteRunnerWorker.run(SuiteRunnerWorker.java:96)
at org.testng.TestNG.runSuitesSequentially(TestNG.java:1212)
at org.testng.TestNG.runSuitesLocally(TestNG.java:1134)
at org.testng.TestNG.runSuites(TestNG.java:1063)
at org.testng.TestNG.run(TestNG.java:1031)
at org.testng.remote.AbstractRemoteTestNG.run(AbstractRemoteTestNG.java:115)
at org.testng.remote.RemoteTestNG.initAndRun(RemoteTestNG.java:251)
at org.testng.remote.RemoteTestNG.main(RemoteTestNG.java:77)
]]>
            </full-stacktrace>
          </exception> <!-- java.lang.IllegalArgumentException -->
          <reporter-output>
          </reporter-output>
        </test-method> <!-- addProductInCart -->
        <test-method is-config="true" signature="tearDown()[pri:0, instance:com.automationexercise.test.AddProductInCartTest@3e58a80e]" started-at="2024-05-16T12:31:57 IST" name="tearDown" finished-at="1970-01-01T05:30:00 IST" duration-ms="-1715842917557" status="SKIP">
          <reporter-output>
          </reporter-output>
        </test-method> <!-- tearDown -->
      </class> <!-- com.automationexercise.test.AddProductInCartTest -->
    </test> <!-- Default test -->
  </suite> <!-- Default suite -->
</testng-results>
